[2021-01-28 03:59:47] merlin-logger.DEBUG: The welcome step has been displayed [] []
[2021-01-28 04:07:15] merlin-logger.DEBUG: The Hello world post status was set to draft [] []
[2021-01-28 04:07:19] merlin-logger.DEBUG: The blog page was set {"blog_page_id":"[object] (WP_Post: {\"ID\":11060,\"post_author\":\"1\",\"post_date\":\"2020-08-26 11:21:53\",\"post_date_gmt\":\"2020-08-26 11:21:53\",\"post_content\":\"\",\"post_title\":\"Blog\",\"post_excerpt\":\"\",\"post_status\":\"publish\",\"comment_status\":\"closed\",\"ping_status\":\"closed\",\"post_password\":\"\",\"post_name\":\"blog\",\"to_ping\":\"\",\"pinged\":\"\",\"post_modified\":\"2020-08-26 11:21:53\",\"post_modified_gmt\":\"2020-08-26 11:21:53\",\"post_content_filtered\":\"\",\"post_parent\":0,\"guid\":\"https://demo2wpopal.b-cdn.net/poco/?page_id=751\",\"menu_order\":0,\"post_type\":\"page\",\"post_mime_type\":\"\",\"comment_count\":\"0\",\"filter\":\"raw\"})"} []
[2021-01-28 04:17:06] merlin-logger.DEBUG: The welcome step has been displayed [] []
[2021-01-28 04:17:16] merlin-logger.DEBUG: The child theme installation step has been displayed [] []
[2021-01-28 04:17:21] merlin-logger.DEBUG: The child theme style.css content was generated [] []
[2021-01-28 04:17:21] merlin-logger.DEBUG: The child theme functions.php content was generated [] []
[2021-01-28 04:17:21] merlin-logger.DEBUG: The child theme screenshot was copied to the child theme, with the following result {"copied":true} []
[2021-01-28 04:17:21] merlin-logger.DEBUG: The newly generated child theme was activated [] []
[2021-01-28 04:17:30] merlin-logger.DEBUG: The plugin installation step has been displayed [] []
[2021-01-28 04:17:49] merlin-logger.DEBUG: The content import step has been displayed [] []
[2021-01-28 04:18:05] merlin-logger.DEBUG: The final step has been displayed [] []
[2021-01-28 04:32:11] merlin-logger.DEBUG: The Hello world post status was set to draft [] []
[2021-01-28 04:32:12] merlin-logger.DEBUG: The blog page was set {"blog_page_id":"[object] (WP_Post: {\"ID\":11060,\"post_author\":\"1\",\"post_date\":\"2020-08-26 11:21:53\",\"post_date_gmt\":\"2020-08-26 11:21:53\",\"post_content\":\"\",\"post_title\":\"Blog\",\"post_excerpt\":\"\",\"post_status\":\"publish\",\"comment_status\":\"closed\",\"ping_status\":\"closed\",\"post_password\":\"\",\"post_name\":\"blog\",\"to_ping\":\"\",\"pinged\":\"\",\"post_modified\":\"2020-08-26 11:21:53\",\"post_modified_gmt\":\"2020-08-26 11:21:53\",\"post_content_filtered\":\"\",\"post_parent\":0,\"guid\":\"https://demo2wpopal.b-cdn.net/poco/?page_id=751\",\"menu_order\":0,\"post_type\":\"page\",\"post_mime_type\":\"\",\"comment_count\":\"0\",\"filter\":\"raw\"})"} []
[2021-07-12 17:49:01] merlin-logger.DEBUG: The welcome step has been displayed [] []
[2021-11-09 01:58:00] merlin-logger.DEBUG: The welcome step has been displayed [] []
[2021-11-09 01:59:01] merlin-logger.DEBUG: The child theme installation step has been displayed [] []
[2021-11-09 01:59:06] merlin-logger.DEBUG: The plugin installation step has been displayed [] []
[2021-11-09 01:59:12] merlin-logger.DEBUG: The content import step has been displayed [] []
[2021-12-21 15:13:35] merlin-logger.DEBUG: The welcome step has been displayed [] []
